0 info it worked if it ends with ok
1 verbose cli [ 'C:\\Program Files\\nodejs\\node.exe',
1 verbose cli   'C:\\Program Files\\nodejs\\node_modules\\npm\\bin\\npm-cli.js',
1 verbose cli   'run',
1 verbose cli   'test' ]
2 info using npm@3.10.8
3 info using node@v6.8.0
4 verbose run-script [ 'pretest', 'test', 'posttest' ]
5 info lifecycle starter@1.0.0~pretest: starter@1.0.0
6 silly lifecycle starter@1.0.0~pretest: no script for pretest, continuing
7 info lifecycle starter@1.0.0~test: starter@1.0.0
8 verbose lifecycle starter@1.0.0~test: unsafe-perm in lifecycle true
9 verbose lifecycle starter@1.0.0~test: PATH: C:\Program Files\nodejs\node_modules\npm\bin\node-gyp-bin;D:\COMP-531\inclass-12\helloRedux\node_modules\.bin;C:\ProgramData\Oracle\Java\javapath;C:\WINDOWS\system32;C:\WINDOWS;C:\WINDOWS\System32\Wbem;C:\WINDOWS\System32\WindowsPowerShell\v1.0\;F:\MAtalab\runtime\win64;F:\MAtalab\bin;F:\MAtalab\polyspace\bin;C:\Program Files (x86)\Skype\Phone\;C:\Python27;C:\Program Files\nodejs\;F:\Heroku\Heroku\bin;C:\Program Files (x86)\git\cmd;C:\Program Files (x86)\Git\cmd;C:\Users\Angel\AppData\Local\Microsoft\WindowsApps;C:\Python27;C:\Users\Angel\AppData\Roaming\npm
10 verbose lifecycle starter@1.0.0~test: CWD: D:\COMP-531\inclass-12\helloRedux
11 silly lifecycle starter@1.0.0~test: Args: [ '/d /s /c', 'npm run mocha' ]
12 info lifecycle starter@1.0.0~test: Failed to exec test script
13 verbose stack Error: starter@1.0.0 test: `npm run mocha`
13 verbose stack spawn C:\WINDOWS\system32\cmd.exe; C:\Python27 ENOENT
13 verbose stack     at exports._errnoException (util.js:1026:11)
13 verbose stack     at Process.ChildProcess._handle.onexit (internal/child_process.js:193:32)
13 verbose stack     at onErrorNT (internal/child_process.js:359:16)
13 verbose stack     at _combinedTickCallback (internal/process/next_tick.js:74:11)
13 verbose stack     at process._tickCallback (internal/process/next_tick.js:98:9)
14 verbose pkgid starter@1.0.0
15 verbose cwd D:\COMP-531\inclass-12\helloRedux
16 error Windows_NT 10.0.14393
17 error argv "C:\\Program Files\\nodejs\\node.exe" "C:\\Program Files\\nodejs\\node_modules\\npm\\bin\\npm-cli.js" "run" "test"
18 error node v6.8.0
19 error npm  v3.10.8
20 error file C:\WINDOWS\system32\cmd.exe; C:\Python27
21 error path C:\WINDOWS\system32\cmd.exe; C:\Python27
22 error code ELIFECYCLE
23 error errno ENOENT
24 error syscall spawn C:\WINDOWS\system32\cmd.exe; C:\Python27
25 error starter@1.0.0 test: `npm run mocha`
25 error spawn C:\WINDOWS\system32\cmd.exe; C:\Python27 ENOENT
26 error Failed at the starter@1.0.0 test script 'npm run mocha'.
26 error Make sure you have the latest version of node.js and npm installed.
26 error If you do, this is most likely a problem with the starter package,
26 error not with npm itself.
26 error Tell the author that this fails on your system:
26 error     npm run mocha
26 error You can get information on how to open an issue for this project with:
26 error     npm bugs starter
26 error Or if that isn't available, you can get their info via:
26 error     npm owner ls starter
26 error There is likely additional logging output above.
27 verbose exit [ 1, true ]
